{"/Users/neilouellette/code/TraackrDemo/server/server.js":{"path":"/Users/neilouellette/code/TraackrDemo/server/server.js","s":{"1":1,"2":1,"3":1,"4":1,"5":1,"6":1,"7":1,"8":1,"9":1,"10":1,"11":1,"12":1,"13":1,"14":1,"15":1,"16":0,"17":0,"18":0,"19":1,"20":1,"21":1,"22":0,"23":0,"24":0,"25":1,"26":1,"27":1,"28":0,"29":0,"30":0,"31":1,"32":1,"33":0,"34":1,"35":1},"b":{"1":[0,1],"2":[0,1],"3":[0,1],"4":[0,0],"5":[1,0]},"f":{"1":1,"2":1,"3":1,"4":0,"5":1,"6":1},"fnMap":{"1":{"name":"(anonymous_1)","line":25,"loc":{"start":{"line":25,"column":17},"end":{"line":25,"column":34}}},"2":{"name":"(anonymous_2)","line":29,"loc":{"start":{"line":29,"column":25},"end":{"line":29,"column":40}}},"3":{"name":"(anonymous_3)","line":38,"loc":{"start":{"line":38,"column":15},"end":{"line":38,"column":30}}},"4":{"name":"(anonymous_4)","line":50,"loc":{"start":{"line":50,"column":3},"end":{"line":50,"column":18}}},"5":{"name":"(anonymous_5)","line":56,"loc":{"start":{"line":56,"column":17},"end":{"line":56,"column":35}}},"6":{"name":"(anonymous_6)","line":63,"loc":{"start":{"line":63,"column":31},"end":{"line":63,"column":43}}}},"statementMap":{"1":{"start":{"line":2,"column":0},"end":{"line":2,"column":29}},"2":{"start":{"line":3,"column":0},"end":{"line":3,"column":33}},"3":{"start":{"line":4,"column":0},"end":{"line":4,"column":31}},"4":{"start":{"line":5,"column":0},"end":{"line":5,"column":38}},"5":{"start":{"line":6,"column":0},"end":{"line":6,"column":41}},"6":{"start":{"line":7,"column":0},"end":{"line":7,"column":39}},"7":{"start":{"line":8,"column":0},"end":{"line":8,"column":29}},"8":{"start":{"line":11,"column":0},"end":{"line":11,"column":32}},"9":{"start":{"line":12,"column":0},"end":{"line":14,"column":2}},"10":{"start":{"line":16,"column":0},"end":{"line":20,"column":2}},"11":{"start":{"line":22,"column":0},"end":{"line":22,"column":33}},"12":{"start":{"line":25,"column":0},"end":{"line":27,"column":3}},"13":{"start":{"line":26,"column":2},"end":{"line":26,"column":21}},"14":{"start":{"line":29,"column":0},"end":{"line":54,"column":3}},"15":{"start":{"line":31,"column":2},"end":{"line":35,"column":3}},"16":{"start":{"line":32,"column":4},"end":{"line":32,"column":32}},"17":{"start":{"line":33,"column":4},"end":{"line":33,"column":35}},"18":{"start":{"line":34,"column":4},"end":{"line":34,"column":14}},"19":{"start":{"line":36,"column":2},"end":{"line":36,"column":25}},"20":{"start":{"line":38,"column":2},"end":{"line":48,"column":5}},"21":{"start":{"line":39,"column":4},"end":{"line":43,"column":5}},"22":{"start":{"line":40,"column":6},"end":{"line":40,"column":34}},"23":{"start":{"line":41,"column":6},"end":{"line":41,"column":37}},"24":{"start":{"line":42,"column":6},"end":{"line":42,"column":16}},"25":{"start":{"line":45,"column":4},"end":{"line":45,"column":33}},"26":{"start":{"line":46,"column":4},"end":{"line":46,"column":35}},"27":{"start":{"line":47,"column":4},"end":{"line":47,"column":72}},"28":{"start":{"line":51,"column":2},"end":{"line":51,"column":30}},"29":{"start":{"line":52,"column":2},"end":{"line":52,"column":33}},"30":{"start":{"line":53,"column":2},"end":{"line":53,"column":29}},"31":{"start":{"line":56,"column":0},"end":{"line":66,"column":2}},"32":{"start":{"line":58,"column":2},"end":{"line":60,"column":3}},"33":{"start":{"line":59,"column":4},"end":{"line":59,"column":59}},"34":{"start":{"line":63,"column":2},"end":{"line":65,"column":5}},"35":{"start":{"line":64,"column":4},"end":{"line":64,"column":52}}},"branchMap":{"1":{"line":31,"type":"if","locations":[{"start":{"line":31,"column":2},"end":{"line":31,"column":2}},{"start":{"line":31,"column":2},"end":{"line":31,"column":2}}]},"2":{"line":39,"type":"if","locations":[{"start":{"line":39,"column":4},"end":{"line":39,"column":4}},{"start":{"line":39,"column":4},"end":{"line":39,"column":4}}]},"3":{"line":58,"type":"if","locations":[{"start":{"line":58,"column":2},"end":{"line":58,"column":2}},{"start":{"line":58,"column":2},"end":{"line":58,"column":2}}]},"4":{"line":59,"type":"binary-expr","locations":[{"start":{"line":59,"column":20},"end":{"line":59,"column":41}},{"start":{"line":59,"column":45},"end":{"line":59,"column":49}}]},"5":{"line":64,"type":"binary-expr","locations":[{"start":{"line":64,"column":13},"end":{"line":64,"column":34}},{"start":{"line":64,"column":38},"end":{"line":64,"column":42}}]}}},"/Users/neilouellette/code/TraackrDemo/server/routes.js":{"path":"/Users/neilouellette/code/TraackrDemo/server/routes.js","s":{"1":1,"2":1,"3":1,"4":1,"5":1,"6":1,"7":1,"8":1,"9":0,"10":0,"11":0,"12":0,"13":0},"b":{"1":[1,0],"2":[1,0]},"f":{"1":1,"2":1,"3":0,"4":0,"5":0},"fnMap":{"1":{"name":"(anonymous_1)","line":7,"loc":{"start":{"line":7,"column":17},"end":{"line":7,"column":29}}},"2":{"name":"(anonymous_2)","line":15,"loc":{"start":{"line":15,"column":15},"end":{"line":15,"column":41}}},"3":{"name":"(anonymous_3)","line":30,"loc":{"start":{"line":30,"column":15},"end":{"line":30,"column":41}}},"4":{"name":"(anonymous_4)","line":36,"loc":{"start":{"line":36,"column":29},"end":{"line":36,"column":47}}},"5":{"name":"(anonymous_5)","line":38,"loc":{"start":{"line":38,"column":17},"end":{"line":38,"column":32}}}},"statementMap":{"1":{"start":{"line":2,"column":0},"end":{"line":2,"column":25}},"2":{"start":{"line":3,"column":0},"end":{"line":3,"column":29}},"3":{"start":{"line":4,"column":0},"end":{"line":4,"column":48}},"4":{"start":{"line":5,"column":0},"end":{"line":5,"column":41}},"5":{"start":{"line":7,"column":0},"end":{"line":43,"column":2}},"6":{"start":{"line":8,"column":2},"end":{"line":42,"column":7}},"7":{"start":{"line":16,"column":8},"end":{"line":21,"column":9}},"8":{"start":{"line":17,"column":10},"end":{"line":17,"column":35}},"9":{"start":{"line":20,"column":10},"end":{"line":20,"column":44}},"10":{"start":{"line":31,"column":8},"end":{"line":34,"column":10}},"11":{"start":{"line":36,"column":8},"end":{"line":40,"column":11}},"12":{"start":{"line":37,"column":10},"end":{"line":37,"column":38}},"13":{"start":{"line":39,"column":10},"end":{"line":39,"column":70}}},"branchMap":{"1":{"line":16,"type":"if","locations":[{"start":{"line":16,"column":8},"end":{"line":16,"column":8}},{"start":{"line":16,"column":8},"end":{"line":16,"column":8}}]},"2":{"line":16,"type":"binary-expr","locations":[{"start":{"line":16,"column":12},"end":{"line":16,"column":42}},{"start":{"line":16,"column":46},"end":{"line":16,"column":78}}]}}},"/Users/neilouellette/code/TraackrDemo/server/json-rest-client.js":{"path":"/Users/neilouellette/code/TraackrDemo/server/json-rest-client.js","s":{"1":1,"2":1,"3":1,"4":1,"5":1},"b":{},"f":{},"fnMap":{},"statementMap":{"1":{"start":{"line":2,"column":0},"end":{"line":2,"column":29}},"2":{"start":{"line":3,"column":0},"end":{"line":3,"column":46}},"3":{"start":{"line":4,"column":0},"end":{"line":4,"column":56}},"4":{"start":{"line":5,"column":0},"end":{"line":5,"column":66}},"5":{"start":{"line":7,"column":0},"end":{"line":10,"column":26}}},"branchMap":{}}}