TN:
SF:/Users/neilouellette/code/TraackrDemo/server/server.js
FN:25,(anonymous_1)
FN:29,(anonymous_2)
FN:38,(anonymous_3)
FN:50,(anonymous_4)
FN:56,(anonymous_5)
FN:63,(anonymous_6)
FNF:6
FNH:5
FNDA:1,(anonymous_1)
FNDA:1,(anonymous_2)
FNDA:1,(anonymous_3)
FNDA:0,(anonymous_4)
FNDA:1,(anonymous_5)
FNDA:1,(anonymous_6)
DA:2,1
DA:3,1
DA:4,1
DA:5,1
DA:6,1
DA:7,1
DA:8,1
DA:11,1
DA:12,1
DA:16,1
DA:22,1
DA:25,1
DA:26,1
DA:29,1
DA:31,1
DA:32,0
DA:33,0
DA:34,0
DA:36,1
DA:38,1
DA:39,1
DA:40,0
DA:41,0
DA:42,0
DA:45,1
DA:46,1
DA:47,1
DA:51,0
DA:52,0
DA:53,0
DA:56,1
DA:58,1
DA:59,0
DA:63,1
DA:64,1
LF:35
LH:25
BRDA:31,1,0,0
BRDA:31,1,1,1
BRDA:39,2,0,0
BRDA:39,2,1,1
BRDA:58,3,0,0
BRDA:58,3,1,1
BRDA:59,4,0,0
BRDA:59,4,1,0
BRDA:64,5,0,1
BRDA:64,5,1,0
BRF:10
BRH:4
end_of_record
TN:
SF:/Users/neilouellette/code/TraackrDemo/server/routes.js
FN:7,(anonymous_1)
FN:15,(anonymous_2)
FN:30,(anonymous_3)
FN:36,(anonymous_4)
FN:38,(anonymous_5)
FNF:5
FNH:2
FNDA:1,(anonymous_1)
FNDA:1,(anonymous_2)
FNDA:0,(anonymous_3)
FNDA:0,(anonymous_4)
FNDA:0,(anonymous_5)
DA:2,1
DA:3,1
DA:4,1
DA:5,1
DA:7,1
DA:8,1
DA:16,1
DA:17,1
DA:20,0
DA:31,0
DA:36,0
DA:37,0
DA:39,0
LF:13
LH:8
BRDA:16,1,0,1
BRDA:16,1,1,0
BRDA:16,2,0,1
BRDA:16,2,1,0
BRF:4
BRH:2
end_of_record
TN:
SF:/Users/neilouellette/code/TraackrDemo/server/json-rest-client.js
FNF:0
FNH:0
DA:2,1
DA:3,1
DA:4,1
DA:5,1
DA:7,1
LF:5
LH:5
BRF:0
BRH:0
end_of_record
